{"/Users/pauladedokun/Documents/others/webauthn/src/authenticatorMetadata.ts": {"path":"/Users/pauladedokun/Documents/others/webauthn/src/authenticatorMetadata.ts","statementMap":{"0":{"start":{"line":8,"column":13},"end":{"line":183,"column":null}}},"fnMap":{},"branchMap":{},"s":{"0":2},"f":{},"b":{}}
,"/Users/pauladedokun/Documents/others/webauthn/src/client.ts": {"path":"/Users/pauladedokun/Documents/others/webauthn/src/client.ts","statementMap":{"0":{"start":{"line":2,"column":0},"end":{"line":2,"column":32}},"1":{"start":{"line":8,"column":4},"end":{"line":8,"column":null}},"2":{"start":{"line":7,"column":0},"end":{"line":7,"column":16}},"3":{"start":{"line":15,"column":4},"end":{"line":15,"column":null}},"4":{"start":{"line":14,"column":0},"end":{"line":14,"column":7}},"5":{"start":{"line":24,"column":4},"end":{"line":25,"column":25}},"6":{"start":{"line":25,"column":8},"end":{"line":25,"column":25}},"7":{"start":{"line":27,"column":4},"end":{"line":32,"column":5}},"8":{"start":{"line":28,"column":8},"end":{"line":31,"column":30}},"9":{"start":{"line":29,"column":12},"end":{"line":29,"column":29}},"10":{"start":{"line":31,"column":12},"end":{"line":31,"column":30}},"11":{"start":{"line":33,"column":4},"end":{"line":33,"column":28}},"12":{"start":{"line":41,"column":42},"end":{"line":41,"column":46}},"13":{"start":{"line":59,"column":4},"end":{"line":60,"column":null}},"14":{"start":{"line":60,"column":8},"end":{"line":60,"column":null}},"15":{"start":{"line":62,"column":4},"end":{"line":63,"column":null}},"16":{"start":{"line":63,"column":8},"end":{"line":63,"column":null}},"17":{"start":{"line":65,"column":4},"end":{"line":66,"column":null}},"18":{"start":{"line":66,"column":8},"end":{"line":66,"column":null}},"19":{"start":{"line":68,"column":23},"end":{"line":68,"column":97}},"20":{"start":{"line":69,"column":4},"end":{"line":70,"column":null}},"21":{"start":{"line":70,"column":8},"end":{"line":70,"column":null}},"22":{"start":{"line":72,"column":51},"end":{"line":96,"column":null}},"23":{"start":{"line":98,"column":4},"end":{"line":98,"column":null}},"24":{"start":{"line":100,"column":4},"end":{"line":101,"column":null}},"25":{"start":{"line":101,"column":8},"end":{"line":101,"column":null}},"26":{"start":{"line":102,"column":4},"end":{"line":102,"column":40}},"27":{"start":{"line":104,"column":16},"end":{"line":107,"column":29}},"28":{"start":{"line":108,"column":21},"end":{"line":108,"column":69}},"29":{"start":{"line":110,"column":4},"end":{"line":110,"column":23}},"30":{"start":{"line":112,"column":4},"end":{"line":112,"column":null}},"31":{"start":{"line":114,"column":4},"end":{"line":115,"column":44}},"32":{"start":{"line":115,"column":8},"end":{"line":115,"column":44}},"33":{"start":{"line":117,"column":22},"end":{"line":117,"column":45}},"34":{"start":{"line":118,"column":4},"end":{"line":119,"column":null}},"35":{"start":{"line":119,"column":8},"end":{"line":119,"column":null}},"36":{"start":{"line":122,"column":35},"end":{"line":137,"column":null}},"37":{"start":{"line":138,"column":4},"end":{"line":138,"column":null}},"38":{"start":{"line":57,"column":0},"end":{"line":57,"column":7}},"39":{"start":{"line":142,"column":4},"end":{"line":142,"column":120}},"40":{"start":{"line":141,"column":0},"end":{"line":141,"column":7}},"41":{"start":{"line":155,"column":4},"end":{"line":156,"column":null}},"42":{"start":{"line":156,"column":8},"end":{"line":156,"column":null}},"43":{"start":{"line":158,"column":4},"end":{"line":159,"column":null}},"44":{"start":{"line":159,"column":8},"end":{"line":159,"column":null}},"45":{"start":{"line":161,"column":42},"end":{"line":168,"column":null}},"46":{"start":{"line":170,"column":4},"end":{"line":170,"column":null}},"47":{"start":{"line":172,"column":4},"end":{"line":173,"column":null}},"48":{"start":{"line":173,"column":8},"end":{"line":173,"column":null}},"49":{"start":{"line":175,"column":4},"end":{"line":175,"column":40}},"50":{"start":{"line":177,"column":16},"end":{"line":181,"column":29}},"51":{"start":{"line":183,"column":4},"end":{"line":184,"column":44}},"52":{"start":{"line":184,"column":8},"end":{"line":184,"column":44}},"53":{"start":{"line":186,"column":4},"end":{"line":186,"column":23}},"54":{"start":{"line":188,"column":4},"end":{"line":188,"column":null}},"55":{"start":{"line":190,"column":21},"end":{"line":190,"column":67}},"56":{"start":{"line":193,"column":37},"end":{"line":205,"column":null}},"57":{"start":{"line":207,"column":4},"end":{"line":207,"column":null}},"58":{"start":{"line":154,"column":0},"end":{"line":154,"column":7}},"59":{"start":{"line":211,"column":4},"end":{"line":223,"column":5}},"60":{"start":{"line":212,"column":8},"end":{"line":215,"column":null}},"61":{"start":{"line":218,"column":8},"end":{"line":222,"column":null}}},"fnMap":{"0":{"name":"isAvailable","decl":{"start":{"line":7,"column":16},"end":{"line":7,"column":27}},"loc":{"start":{"line":7,"column":27},"end":{"line":9,"column":1}}},"1":{"name":"isLocalAuthenticator","decl":{"start":{"line":14,"column":22},"end":{"line":14,"column":42}},"loc":{"start":{"line":14,"column":42},"end":{"line":16,"column":1}}},"2":{"name":"getAuthAttachment","decl":{"start":{"line":23,"column":9},"end":{"line":23,"column":26}},"loc":{"start":{"line":23,"column":61},"end":{"line":34,"column":1}}},"3":{"name":"register","decl":{"start":{"line":57,"column":22},"end":{"line":57,"column":30}},"loc":{"start":{"line":57,"column":55},"end":{"line":139,"column":1}}},"4":{"name":"isAutocompleteAvailable","decl":{"start":{"line":141,"column":22},"end":{"line":141,"column":45}},"loc":{"start":{"line":141,"column":45},"end":{"line":143,"column":1}}},"5":{"name":"authenticate","decl":{"start":{"line":154,"column":22},"end":{"line":154,"column":34}},"loc":{"start":{"line":154,"column":63},"end":{"line":208,"column":1}}},"6":{"name":"toPublicKeyCredentialDescriptor","decl":{"start":{"line":210,"column":9},"end":{"line":210,"column":40}},"loc":{"start":{"line":210,"column":85},"end":{"line":224,"column":1}}}},"branchMap":{"0":{"loc":{"start":{"line":24,"column":4},"end":{"line":25,"column":25}},"type":"if","locations":[{"start":{"line":24,"column":4},"end":{"line":25,"column":25}}]},"1":{"loc":{"start":{"line":24,"column":8},"end":{"line":24,"column":36}},"type":"binary-expr","locations":[{"start":{"line":24,"column":8},"end":{"line":24,"column":14}},{"start":{"line":24,"column":18},"end":{"line":24,"column":36}}]},"2":{"loc":{"start":{"line":27,"column":4},"end":{"line":32,"column":5}},"type":"if","locations":[{"start":{"line":27,"column":4},"end":{"line":32,"column":5}}]},"3":{"loc":{"start":{"line":28,"column":8},"end":{"line":31,"column":30}},"type":"if","locations":[{"start":{"line":28,"column":8},"end":{"line":31,"column":30}},{"start":{"line":31,"column":12},"end":{"line":31,"column":30}}]},"4":{"loc":{"start":{"line":28,"column":12},"end":{"line":28,"column":70}},"type":"binary-expr","locations":[{"start":{"line":28,"column":12},"end":{"line":28,"column":42}},{"start":{"line":28,"column":46},"end":{"line":28,"column":70}}]},"5":{"loc":{"start":{"line":59,"column":4},"end":{"line":60,"column":null}},"type":"if","locations":[{"start":{"line":59,"column":4},"end":{"line":60,"column":null}}]},"6":{"loc":{"start":{"line":62,"column":4},"end":{"line":63,"column":null}},"type":"if","locations":[{"start":{"line":62,"column":4},"end":{"line":63,"column":null}}]},"7":{"loc":{"start":{"line":65,"column":4},"end":{"line":66,"column":null}},"type":"if","locations":[{"start":{"line":65,"column":4},"end":{"line":66,"column":null}}]},"8":{"loc":{"start":{"line":68,"column":23},"end":{"line":68,"column":97}},"type":"cond-expr","locations":[{"start":{"line":68,"column":60},"end":{"line":68,"column":82}},{"start":{"line":68,"column":85},"end":{"line":68,"column":97}}]},"9":{"loc":{"start":{"line":69,"column":4},"end":{"line":70,"column":null}},"type":"if","locations":[{"start":{"line":69,"column":4},"end":{"line":70,"column":null}}]},"10":{"loc":{"start":{"line":75,"column":16},"end":{"line":75,"column":58}},"type":"binary-expr","locations":[{"start":{"line":75,"column":16},"end":{"line":75,"column":30}},{"start":{"line":75,"column":34},"end":{"line":75,"column":58}}]},"11":{"loc":{"start":{"line":76,"column":18},"end":{"line":76,"column":60}},"type":"binary-expr","locations":[{"start":{"line":76,"column":18},"end":{"line":76,"column":32}},{"start":{"line":76,"column":36},"end":{"line":76,"column":60}}]},"12":{"loc":{"start":{"line":81,"column":25},"end":{"line":81,"column":54}},"type":"binary-expr","locations":[{"start":{"line":81,"column":25},"end":{"line":81,"column":41}},{"start":{"line":81,"column":45},"end":{"line":81,"column":54}}]},"13":{"loc":{"start":{"line":92,"column":25},"end":{"line":92,"column":60}},"type":"binary-expr","locations":[{"start":{"line":92,"column":25},"end":{"line":92,"column":45}},{"start":{"line":92,"column":49},"end":{"line":92,"column":60}}]},"14":{"loc":{"start":{"line":100,"column":4},"end":{"line":101,"column":null}},"type":"if","locations":[{"start":{"line":100,"column":4},"end":{"line":101,"column":null}}]},"15":{"loc":{"start":{"line":114,"column":4},"end":{"line":115,"column":44}},"type":"if","locations":[{"start":{"line":114,"column":4},"end":{"line":115,"column":44}}]},"16":{"loc":{"start":{"line":118,"column":4},"end":{"line":119,"column":null}},"type":"if","locations":[{"start":{"line":118,"column":4},"end":{"line":119,"column":null}}]},"17":{"loc":{"start":{"line":142,"column":11},"end":{"line":142,"column":119}},"type":"binary-expr","locations":[{"start":{"line":142,"column":11},"end":{"line":142,"column":62}},{"start":{"line":142,"column":66},"end":{"line":142,"column":119}}]},"18":{"loc":{"start":{"line":155,"column":4},"end":{"line":156,"column":null}},"type":"if","locations":[{"start":{"line":155,"column":4},"end":{"line":156,"column":null}}]},"19":{"loc":{"start":{"line":158,"column":4},"end":{"line":159,"column":null}},"type":"if","locations":[{"start":{"line":158,"column":4},"end":{"line":159,"column":null}}]},"20":{"loc":{"start":{"line":158,"column":8},"end":{"line":158,"column":66}},"type":"binary-expr","locations":[{"start":{"line":158,"column":8},"end":{"line":158,"column":28}},{"start":{"line":158,"column":32},"end":{"line":158,"column":66}}]},"21":{"loc":{"start":{"line":163,"column":14},"end":{"line":163,"column":56}},"type":"binary-expr","locations":[{"start":{"line":163,"column":14},"end":{"line":163,"column":28}},{"start":{"line":163,"column":32},"end":{"line":163,"column":56}}]},"22":{"loc":{"start":{"line":172,"column":4},"end":{"line":173,"column":null}},"type":"if","locations":[{"start":{"line":172,"column":4},"end":{"line":173,"column":null}}]},"23":{"loc":{"start":{"line":179,"column":19},"end":{"line":179,"column":67}},"type":"cond-expr","locations":[{"start":{"line":179,"column":42},"end":{"line":179,"column":55}},{"start":{"line":179,"column":58},"end":{"line":179,"column":67}}]},"24":{"loc":{"start":{"line":183,"column":4},"end":{"line":184,"column":44}},"type":"if","locations":[{"start":{"line":183,"column":4},"end":{"line":184,"column":44}}]},"25":{"loc":{"start":{"line":203,"column":24},"end":{"line":203,"column":96}},"type":"cond-expr","locations":[{"start":{"line":203,"column":46},"end":{"line":203,"column":84}},{"start":{"line":203,"column":87},"end":{"line":203,"column":96}}]},"26":{"loc":{"start":{"line":211,"column":4},"end":{"line":223,"column":5}},"type":"if","locations":[{"start":{"line":211,"column":4},"end":{"line":223,"column":5}},{"start":{"line":217,"column":9},"end":{"line":223,"column":5}}]}},"s":{"0":3,"1":2,"2":3,"3":2,"4":3,"5":6,"6":6,"7":0,"8":0,"9":0,"10":0,"11":0,"12":3,"13":9,"14":1,"15":8,"16":1,"17":7,"18":1,"19":6,"20":6,"21":3,"22":6,"23":6,"24":6,"25":1,"26":6,"27":6,"28":5,"29":5,"30":5,"31":5,"32":1,"33":4,"34":4,"35":1,"36":3,"37":3,"38":3,"39":3,"40":3,"41":6,"42":1,"43":5,"44":1,"45":4,"46":4,"47":4,"48":2,"49":4,"50":4,"51":3,"52":1,"53":2,"54":2,"55":2,"56":2,"57":2,"58":3,"59":1,"60":0,"61":1},"f":{"0":2,"1":2,"2":6,"3":9,"4":3,"5":6,"6":1},"b":{"0":[6],"1":[6,0],"2":[0],"3":[0,0],"4":[0,0],"5":[1],"6":[1],"7":[1],"8":[0,6],"9":[3],"10":[6,6],"11":[6,6],"12":[6,6],"13":[6,6],"14":[1],"15":[1],"16":[1],"17":[3,3],"18":[1],"19":[1],"20":[5,1],"21":[4,4],"22":[2],"23":[0,4],"24":[1],"25":[1,1],"26":[0,1]}}
,"/Users/pauladedokun/Documents/others/webauthn/src/index.ts": {"path":"/Users/pauladedokun/Documents/others/webauthn/src/index.ts","statementMap":{"0":{"start":{"line":1,"column":0},"end":{"line":1,"column":35}},"1":{"start":{"line":7,"column":9},"end":{"line":7,"column":15}},"2":{"start":{"line":2,"column":0},"end":{"line":2,"column":35}},"3":{"start":{"line":7,"column":17},"end":{"line":7,"column":23}},"4":{"start":{"line":3,"column":0},"end":{"line":3,"column":37}},"5":{"start":{"line":7,"column":25},"end":{"line":7,"column":32}},"6":{"start":{"line":4,"column":0},"end":{"line":4,"column":33}},"7":{"start":{"line":7,"column":34},"end":{"line":7,"column":39}},"8":{"start":{"line":5,"column":0},"end":{"line":5,"column":9}},"9":{"start":{"line":7,"column":41},"end":{"line":5,"column":63}},"10":{"start":{"line":9,"column":17},"end":{"line":9,"column":74}},"11":{"start":{"line":10,"column":0},"end":{"line":10,"column":null}}},"fnMap":{"0":{"name":"(anonymous_6)","decl":{"start":{"line":7,"column":41},"end":{"line":7,"column":62}},"loc":{"start":{"line":7,"column":41},"end":{"line":5,"column":63}}}},"branchMap":{},"s":{"0":2,"1":2,"2":2,"3":2,"4":2,"5":2,"6":2,"7":2,"8":2,"9":2,"10":2,"11":2},"f":{"0":0},"b":{}}
,"/Users/pauladedokun/Documents/others/webauthn/src/parsers.ts": {"path":"/Users/pauladedokun/Documents/others/webauthn/src/parsers.ts","statementMap":{"0":{"start":{"line":1,"column":0},"end":{"line":1,"column":32}},"1":{"start":{"line":3,"column":0},"end":{"line":3,"column":63}},"2":{"start":{"line":5,"column":20},"end":{"line":5,"column":44}},"3":{"start":{"line":22,"column":4},"end":{"line":23,"column":null}},"4":{"start":{"line":23,"column":8},"end":{"line":23,"column":null}},"5":{"start":{"line":24,"column":4},"end":{"line":24,"column":null}},"6":{"start":{"line":21,"column":0},"end":{"line":21,"column":16}},"7":{"start":{"line":29,"column":4},"end":{"line":30,"column":null}},"8":{"start":{"line":30,"column":8},"end":{"line":30,"column":null}},"9":{"start":{"line":33,"column":16},"end":{"line":33,"column":63}},"10":{"start":{"line":37,"column":4},"end":{"line":52,"column":null}},"11":{"start":{"line":28,"column":0},"end":{"line":28,"column":16}},"12":{"start":{"line":56,"column":4},"end":{"line":56,"column":null}},"13":{"start":{"line":63,"column":4},"end":{"line":64,"column":null}},"14":{"start":{"line":64,"column":8},"end":{"line":64,"column":null}},"15":{"start":{"line":65,"column":19},"end":{"line":65,"column":41}},"16":{"start":{"line":66,"column":16},"end":{"line":66,"column":41}},"17":{"start":{"line":67,"column":27},"end":{"line":67,"column":145}},"18":{"start":{"line":68,"column":4},"end":{"line":68,"column":18}},"19":{"start":{"line":74,"column":4},"end":{"line":79,"column":5}},"20":{"start":{"line":75,"column":17},"end":{"line":75,"column":null}},"21":{"start":{"line":76,"column":17},"end":{"line":76,"column":null}},"22":{"start":{"line":77,"column":19},"end":{"line":77,"column":null}},"23":{"start":{"line":78,"column":17},"end":{"line":78,"column":null}},"24":{"start":{"line":73,"column":0},"end":{"line":73,"column":16}},"25":{"start":{"line":84,"column":26},"end":{"line":84,"column":89}},"26":{"start":{"line":85,"column":4},"end":{"line":85,"column":63}},"27":{"start":{"line":83,"column":0},"end":{"line":83,"column":16}},"28":{"start":{"line":89,"column":19},"end":{"line":89,"column":39}},"29":{"start":{"line":90,"column":4},"end":{"line":107,"column":null}},"30":{"start":{"line":88,"column":0},"end":{"line":88,"column":16}},"31":{"start":{"line":111,"column":4},"end":{"line":117,"column":null}},"32":{"start":{"line":110,"column":0},"end":{"line":110,"column":16}},"33":{"start":{"line":122,"column":26},"end":{"line":122,"column":91}},"34":{"start":{"line":123,"column":4},"end":{"line":123,"column":67}},"35":{"start":{"line":121,"column":0},"end":{"line":121,"column":16}}},"fnMap":{"0":{"name":"parseClient","decl":{"start":{"line":21,"column":16},"end":{"line":21,"column":27}},"loc":{"start":{"line":21,"column":61},"end":{"line":25,"column":1}}},"1":{"name":"parseAuthenticator","decl":{"start":{"line":28,"column":16},"end":{"line":28,"column":34}},"loc":{"start":{"line":28,"column":72},"end":{"line":53,"column":1}}},"2":{"name":"extractRpIdHash","decl":{"start":{"line":55,"column":9},"end":{"line":55,"column":24}},"loc":{"start":{"line":55,"column":46},"end":{"line":57,"column":1}}},"3":{"name":"extractAaguid","decl":{"start":{"line":62,"column":9},"end":{"line":62,"column":22}},"loc":{"start":{"line":62,"column":44},"end":{"line":69,"column":1}}},"4":{"name":"getAlgoName","decl":{"start":{"line":73,"column":16},"end":{"line":73,"column":27}},"loc":{"start":{"line":73,"column":56},"end":{"line":80,"column":1}}},"5":{"name":"parseRegistration","decl":{"start":{"line":83,"column":16},"end":{"line":83,"column":33}},"loc":{"start":{"line":83,"column":68},"end":{"line":86,"column":1}}},"6":{"name":"toRegistrationInfo","decl":{"start":{"line":88,"column":16},"end":{"line":88,"column":34}},"loc":{"start":{"line":88,"column":105},"end":{"line":108,"column":1}}},"7":{"name":"toAuthenticationInfo","decl":{"start":{"line":110,"column":16},"end":{"line":110,"column":36}},"loc":{"start":{"line":110,"column":111},"end":{"line":118,"column":1}}},"8":{"name":"parseAuthentication","decl":{"start":{"line":121,"column":16},"end":{"line":121,"column":35}},"loc":{"start":{"line":121,"column":74},"end":{"line":124,"column":1}}}},"branchMap":{"0":{"loc":{"start":{"line":22,"column":4},"end":{"line":23,"column":null}},"type":"if","locations":[{"start":{"line":22,"column":4},"end":{"line":23,"column":null}}]},"1":{"loc":{"start":{"line":29,"column":4},"end":{"line":30,"column":null}},"type":"if","locations":[{"start":{"line":29,"column":4},"end":{"line":30,"column":null}}]},"2":{"loc":{"start":{"line":63,"column":4},"end":{"line":64,"column":null}},"type":"if","locations":[{"start":{"line":63,"column":4},"end":{"line":64,"column":null}}]},"3":{"loc":{"start":{"line":74,"column":4},"end":{"line":79,"column":5}},"type":"switch","locations":[{"start":{"line":75,"column":8},"end":{"line":75,"column":null}},{"start":{"line":76,"column":8},"end":{"line":76,"column":null}},{"start":{"line":77,"column":8},"end":{"line":77,"column":null}},{"start":{"line":78,"column":8},"end":{"line":78,"column":null}}]},"4":{"loc":{"start":{"line":96,"column":18},"end":{"line":96,"column":60}},"type":"binary-expr","locations":[{"start":{"line":96,"column":18},"end":{"line":96,"column":47}},{"start":{"line":96,"column":51},"end":{"line":96,"column":60}}]}},"s":{"0":1,"1":1,"2":1,"3":1,"4":1,"5":1,"6":1,"7":3,"8":3,"9":3,"10":3,"11":1,"12":3,"13":3,"14":0,"15":3,"16":3,"17":3,"18":3,"19":5,"20":2,"21":1,"22":1,"23":1,"24":1,"25":1,"26":1,"27":1,"28":1,"29":1,"30":1,"31":1,"32":1,"33":1,"34":1,"35":1},"f":{"0":1,"1":3,"2":3,"3":3,"4":5,"5":1,"6":1,"7":1,"8":1},"b":{"0":[1],"1":[3],"2":[0],"3":[2,1,1,1],"4":[1,1]}}
,"/Users/pauladedokun/Documents/others/webauthn/src/server.ts": {"path":"/Users/pauladedokun/Documents/others/webauthn/src/server.ts","statementMap":{"0":{"start":{"line":1,"column":0},"end":{"line":1,"column":34}},"1":{"start":{"line":2,"column":0},"end":{"line":2,"column":82}},"2":{"start":{"line":4,"column":0},"end":{"line":4,"column":32}},"3":{"start":{"line":5,"column":0},"end":{"line":5,"column":42}},"4":{"start":{"line":9,"column":19},"end":{"line":9,"column":61}},"5":{"start":{"line":10,"column":4},"end":{"line":10,"column":37}},"6":{"start":{"line":8,"column":0},"end":{"line":8,"column":16}},"7":{"start":{"line":16,"column":3},"end":{"line":22,"column":5}},"8":{"start":{"line":17,"column":20},"end":{"line":17,"column":36}},"9":{"start":{"line":18,"column":8},"end":{"line":21,"column":null}},"10":{"start":{"line":19,"column":12},"end":{"line":19,"column":null}},"11":{"start":{"line":21,"column":12},"end":{"line":21,"column":null}},"12":{"start":{"line":24,"column":4},"end":{"line":24,"column":null}},"13":{"start":{"line":28,"column":4},"end":{"line":28,"column":null}},"14":{"start":{"line":39,"column":19},"end":{"line":39,"column":72}},"15":{"start":{"line":40,"column":26},"end":{"line":40,"column":89}},"16":{"start":{"line":41,"column":19},"end":{"line":41,"column":39}},"17":{"start":{"line":43,"column":4},"end":{"line":44,"column":null}},"18":{"start":{"line":44,"column":8},"end":{"line":44,"column":null}},"19":{"start":{"line":46,"column":4},"end":{"line":47,"column":null}},"20":{"start":{"line":47,"column":8},"end":{"line":47,"column":null}},"21":{"start":{"line":49,"column":4},"end":{"line":50,"column":null}},"22":{"start":{"line":50,"column":8},"end":{"line":50,"column":null}},"23":{"start":{"line":52,"column":4},"end":{"line":53,"column":null}},"24":{"start":{"line":53,"column":8},"end":{"line":53,"column":null}},"25":{"start":{"line":55,"column":4},"end":{"line":55,"column":null}},"26":{"start":{"line":38,"column":0},"end":{"line":38,"column":7}},"27":{"start":{"line":72,"column":4},"end":{"line":73,"column":null}},"28":{"start":{"line":73,"column":8},"end":{"line":73,"column":null}},"29":{"start":{"line":75,"column":38},"end":{"line":82,"column":6}},"30":{"start":{"line":84,"column":4},"end":{"line":85,"column":null}},"31":{"start":{"line":85,"column":8},"end":{"line":85,"column":null}},"32":{"start":{"line":87,"column":40},"end":{"line":87,"column":95}},"33":{"start":{"line":88,"column":47},"end":{"line":88,"column":112}},"34":{"start":{"line":90,"column":4},"end":{"line":93,"column":5}},"35":{"start":{"line":91,"column":8},"end":{"line":91,"column":null}},"36":{"start":{"line":92,"column":8},"end":{"line":92,"column":null}},"37":{"start":{"line":95,"column":4},"end":{"line":96,"column":null}},"38":{"start":{"line":96,"column":8},"end":{"line":96,"column":null}},"39":{"start":{"line":98,"column":4},"end":{"line":99,"column":null}},"40":{"start":{"line":99,"column":8},"end":{"line":99,"column":null}},"41":{"start":{"line":101,"column":4},"end":{"line":102,"column":null}},"42":{"start":{"line":102,"column":8},"end":{"line":102,"column":null}},"43":{"start":{"line":105,"column":17},"end":{"line":105,"column":67}},"44":{"start":{"line":106,"column":29},"end":{"line":106,"column":88}},"45":{"start":{"line":107,"column":4},"end":{"line":108,"column":null}},"46":{"start":{"line":108,"column":8},"end":{"line":108,"column":null}},"47":{"start":{"line":110,"column":4},"end":{"line":111,"column":null}},"48":{"start":{"line":111,"column":8},"end":{"line":111,"column":null}},"49":{"start":{"line":113,"column":4},"end":{"line":114,"column":null}},"50":{"start":{"line":114,"column":8},"end":{"line":114,"column":null}},"51":{"start":{"line":116,"column":4},"end":{"line":117,"column":null}},"52":{"start":{"line":117,"column":8},"end":{"line":117,"column":null}},"53":{"start":{"line":119,"column":4},"end":{"line":119,"column":null}},"54":{"start":{"line":71,"column":0},"end":{"line":71,"column":7}}},"fnMap":{"0":{"name":"randomChallenge","decl":{"start":{"line":8,"column":16},"end":{"line":8,"column":31}},"loc":{"start":{"line":8,"column":31},"end":{"line":11,"column":1}}},"1":{"name":"isValid","decl":{"start":{"line":15,"column":15},"end":{"line":15,"column":22}},"loc":{"start":{"line":15,"column":49},"end":{"line":25,"column":1}}},"2":{"name":"isNotValid","decl":{"start":{"line":27,"column":15},"end":{"line":27,"column":25}},"loc":{"start":{"line":27,"column":52},"end":{"line":29,"column":1}}},"3":{"name":"verifyRegistration","decl":{"start":{"line":38,"column":22},"end":{"line":38,"column":40}},"loc":{"start":{"line":38,"column":105},"end":{"line":56,"column":1}}},"4":{"name":"verifyAuthentication","decl":{"start":{"line":71,"column":22},"end":{"line":71,"column":42}},"loc":{"start":{"line":71,"column":141},"end":{"line":120,"column":1}}}},"branchMap":{"0":{"loc":{"start":{"line":16,"column":3},"end":{"line":22,"column":5}},"type":"if","locations":[{"start":{"line":16,"column":3},"end":{"line":22,"column":5}}]},"1":{"loc":{"start":{"line":18,"column":8},"end":{"line":21,"column":null}},"type":"if","locations":[{"start":{"line":18,"column":8},"end":{"line":21,"column":null}},{"start":{"line":21,"column":12},"end":{"line":21,"column":null}}]},"2":{"loc":{"start":{"line":43,"column":4},"end":{"line":44,"column":null}},"type":"if","locations":[{"start":{"line":43,"column":4},"end":{"line":44,"column":null}}]},"3":{"loc":{"start":{"line":46,"column":4},"end":{"line":47,"column":null}},"type":"if","locations":[{"start":{"line":46,"column":4},"end":{"line":47,"column":null}}]},"4":{"loc":{"start":{"line":49,"column":4},"end":{"line":50,"column":null}},"type":"if","locations":[{"start":{"line":49,"column":4},"end":{"line":50,"column":null}}]},"5":{"loc":{"start":{"line":52,"column":4},"end":{"line":53,"column":null}},"type":"if","locations":[{"start":{"line":52,"column":4},"end":{"line":53,"column":null}}]},"6":{"loc":{"start":{"line":72,"column":4},"end":{"line":73,"column":null}},"type":"if","locations":[{"start":{"line":72,"column":4},"end":{"line":73,"column":null}}]},"7":{"loc":{"start":{"line":84,"column":4},"end":{"line":85,"column":null}},"type":"if","locations":[{"start":{"line":84,"column":4},"end":{"line":85,"column":null}}]},"8":{"loc":{"start":{"line":90,"column":4},"end":{"line":93,"column":5}},"type":"if","locations":[{"start":{"line":90,"column":4},"end":{"line":93,"column":5}}]},"9":{"loc":{"start":{"line":95,"column":4},"end":{"line":96,"column":null}},"type":"if","locations":[{"start":{"line":95,"column":4},"end":{"line":96,"column":null}}]},"10":{"loc":{"start":{"line":98,"column":4},"end":{"line":99,"column":null}},"type":"if","locations":[{"start":{"line":98,"column":4},"end":{"line":99,"column":null}}]},"11":{"loc":{"start":{"line":101,"column":4},"end":{"line":102,"column":null}},"type":"if","locations":[{"start":{"line":101,"column":4},"end":{"line":102,"column":null}}]},"12":{"loc":{"start":{"line":105,"column":17},"end":{"line":105,"column":67}},"type":"binary-expr","locations":[{"start":{"line":105,"column":17},"end":{"line":105,"column":32}},{"start":{"line":105,"column":36},"end":{"line":105,"column":67}}]},"13":{"loc":{"start":{"line":107,"column":4},"end":{"line":108,"column":null}},"type":"if","locations":[{"start":{"line":107,"column":4},"end":{"line":108,"column":null}}]},"14":{"loc":{"start":{"line":110,"column":4},"end":{"line":111,"column":null}},"type":"if","locations":[{"start":{"line":110,"column":4},"end":{"line":111,"column":null}}]},"15":{"loc":{"start":{"line":113,"column":4},"end":{"line":114,"column":null}},"type":"if","locations":[{"start":{"line":113,"column":4},"end":{"line":114,"column":null}}]},"16":{"loc":{"start":{"line":113,"column":8},"end":{"line":113,"column":66}},"type":"binary-expr","locations":[{"start":{"line":113,"column":8},"end":{"line":113,"column":41}},{"start":{"line":113,"column":45},"end":{"line":113,"column":66}}]},"17":{"loc":{"start":{"line":116,"column":4},"end":{"line":117,"column":null}},"type":"if","locations":[{"start":{"line":116,"column":4},"end":{"line":117,"column":null}}]},"18":{"loc":{"start":{"line":116,"column":8},"end":{"line":116,"column":71}},"type":"binary-expr","locations":[{"start":{"line":116,"column":8},"end":{"line":116,"column":24}},{"start":{"line":116,"column":28},"end":{"line":116,"column":71}}]}},"s":{"0":2,"1":2,"2":2,"3":2,"4":1,"5":1,"6":2,"7":20,"8":0,"9":0,"10":0,"11":0,"12":20,"13":20,"14":5,"15":5,"16":5,"17":5,"18":1,"19":4,"20":1,"21":3,"22":1,"23":2,"24":1,"25":1,"26":2,"27":11,"28":1,"29":10,"30":10,"31":1,"32":9,"33":9,"34":9,"35":1,"36":1,"37":9,"38":1,"39":8,"40":1,"41":7,"42":1,"43":6,"44":6,"45":6,"46":1,"47":5,"48":1,"49":4,"50":1,"51":3,"52":2,"53":1,"54":2},"f":{"0":1,"1":20,"2":20,"3":5,"4":11},"b":{"0":[0],"1":[0,0],"2":[1],"3":[1],"4":[1],"5":[1],"6":[1],"7":[1],"8":[1],"9":[1],"10":[1],"11":[1],"12":[6,5],"13":[1],"14":[1],"15":[1],"16":[4,1],"17":[2],"18":[3,2]}}
,"/Users/pauladedokun/Documents/others/webauthn/src/utils.ts": {"path":"/Users/pauladedokun/Documents/others/webauthn/src/utils.ts","statementMap":{"0":{"start":{"line":9,"column":4},"end":{"line":9,"column":null}},"1":{"start":{"line":9,"column":37},"end":{"line":9,"column":52}},"2":{"start":{"line":8,"column":0},"end":{"line":8,"column":16}},"3":{"start":{"line":13,"column":4},"end":{"line":13,"column":null}},"4":{"start":{"line":12,"column":0},"end":{"line":12,"column":16}},"5":{"start":{"line":18,"column":4},"end":{"line":18,"column":null}},"6":{"start":{"line":17,"column":0},"end":{"line":17,"column":16}},"7":{"start":{"line":22,"column":16},"end":{"line":22,"column":41}},"8":{"start":{"line":23,"column":4},"end":{"line":23,"column":null}},"9":{"start":{"line":21,"column":0},"end":{"line":21,"column":16}},"10":{"start":{"line":27,"column":4},"end":{"line":27,"column":56}},"11":{"start":{"line":28,"column":4},"end":{"line":28,"column":null}},"12":{"start":{"line":26,"column":0},"end":{"line":26,"column":16}},"13":{"start":{"line":33,"column":4},"end":{"line":33,"column":null}},"14":{"start":{"line":32,"column":0},"end":{"line":32,"column":7}},"15":{"start":{"line":37,"column":4},"end":{"line":39,"column":19}},"16":{"start":{"line":38,"column":19},"end":{"line":38,"column":52}},"17":{"start":{"line":36,"column":0},"end":{"line":36,"column":16}},"18":{"start":{"line":44,"column":14},"end":{"line":44,"column":69}},"19":{"start":{"line":45,"column":4},"end":{"line":45,"column":40}},"20":{"start":{"line":46,"column":4},"end":{"line":46,"column":57}},"21":{"start":{"line":47,"column":4},"end":{"line":47,"column":15}},"22":{"start":{"line":43,"column":0},"end":{"line":43,"column":16}},"23":{"start":{"line":64,"column":4},"end":{"line":79,"column":5}},"24":{"start":{"line":66,"column":12},"end":{"line":69,"column":14}},"25":{"start":{"line":71,"column":12},"end":{"line":75,"column":14}},"26":{"start":{"line":78,"column":12},"end":{"line":78,"column":null}},"27":{"start":{"line":85,"column":23},"end":{"line":85,"column":47}},"28":{"start":{"line":86,"column":19},"end":{"line":86,"column":44}},"29":{"start":{"line":87,"column":4},"end":{"line":87,"column":null}},"30":{"start":{"line":84,"column":0},"end":{"line":84,"column":7}},"31":{"start":{"line":114,"column":20},"end":{"line":114,"column":62}},"32":{"start":{"line":116,"column":4},"end":{"line":118,"column":5}},"33":{"start":{"line":117,"column":8},"end":{"line":117,"column":null}},"34":{"start":{"line":120,"column":21},"end":{"line":120,"column":61}},"35":{"start":{"line":123,"column":22},"end":{"line":123,"column":87}},"36":{"start":{"line":125,"column":4},"end":{"line":130,"column":5}},"37":{"start":{"line":126,"column":8},"end":{"line":126,"column":null}},"38":{"start":{"line":127,"column":8},"end":{"line":127,"column":null}},"39":{"start":{"line":128,"column":8},"end":{"line":128,"column":null}},"40":{"start":{"line":129,"column":8},"end":{"line":129,"column":null}},"41":{"start":{"line":133,"column":26},"end":{"line":133,"column":51}},"42":{"start":{"line":134,"column":4},"end":{"line":135,"column":null}},"43":{"start":{"line":135,"column":8},"end":{"line":135,"column":null}},"44":{"start":{"line":137,"column":23},"end":{"line":137,"column":47}},"45":{"start":{"line":138,"column":20},"end":{"line":138,"column":99}},"46":{"start":{"line":140,"column":4},"end":{"line":140,"column":null}},"47":{"start":{"line":113,"column":0},"end":{"line":113,"column":7}},"48":{"start":{"line":145,"column":22},"end":{"line":145,"column":53}},"49":{"start":{"line":146,"column":19},"end":{"line":146,"column":45}},"50":{"start":{"line":147,"column":17},"end":{"line":147,"column":28}},"51":{"start":{"line":148,"column":19},"end":{"line":148,"column":66}},"52":{"start":{"line":149,"column":14},"end":{"line":149,"column":43}},"53":{"start":{"line":150,"column":14},"end":{"line":150,"column":37}},"54":{"start":{"line":151,"column":4},"end":{"line":151,"column":40}}},"fnMap":{"0":{"name":"toBuffer","decl":{"start":{"line":8,"column":16},"end":{"line":8,"column":24}},"loc":{"start":{"line":8,"column":36},"end":{"line":10,"column":1}}},"1":{"name":"(anonymous_1)","decl":{"start":{"line":9,"column":32},"end":{"line":9,"column":33}},"loc":{"start":{"line":9,"column":37},"end":{"line":9,"column":52}}},"2":{"name":"parseBuffer","decl":{"start":{"line":12,"column":16},"end":{"line":12,"column":27}},"loc":{"start":{"line":12,"column":47},"end":{"line":14,"column":1}}},"3":{"name":"isBase64url","decl":{"start":{"line":17,"column":16},"end":{"line":17,"column":27}},"loc":{"start":{"line":17,"column":39},"end":{"line":19,"column":1}}},"4":{"name":"toBase64url","decl":{"start":{"line":21,"column":16},"end":{"line":21,"column":27}},"loc":{"start":{"line":21,"column":47},"end":{"line":24,"column":1}}},"5":{"name":"parseBase64url","decl":{"start":{"line":26,"column":16},"end":{"line":26,"column":30}},"loc":{"start":{"line":26,"column":51},"end":{"line":29,"column":1}}},"6":{"name":"sha256","decl":{"start":{"line":32,"column":22},"end":{"line":32,"column":28}},"loc":{"start":{"line":32,"column":48},"end":{"line":34,"column":1}}},"7":{"name":"bufferToHex","decl":{"start":{"line":36,"column":16},"end":{"line":36,"column":27}},"loc":{"start":{"line":36,"column":48},"end":{"line":40,"column":1}}},"8":{"name":"(anonymous_8)","decl":{"start":{"line":38,"column":14},"end":{"line":38,"column":15}},"loc":{"start":{"line":38,"column":19},"end":{"line":38,"column":52}}},"9":{"name":"concatenateBuffers","decl":{"start":{"line":43,"column":16},"end":{"line":43,"column":34}},"loc":{"start":{"line":43,"column":78},"end":{"line":48,"column":1}}},"10":{"name":"getAlgoParams","decl":{"start":{"line":63,"column":9},"end":{"line":63,"column":22}},"loc":{"start":{"line":63,"column":43},"end":{"line":80,"column":1}}},"11":{"name":"parseCryptoKey","decl":{"start":{"line":84,"column":22},"end":{"line":84,"column":36}},"loc":{"start":{"line":84,"column":76},"end":{"line":88,"column":1}}},"12":{"name":"verifySignature","decl":{"start":{"line":113,"column":22},"end":{"line":113,"column":37}},"loc":{"start":{"line":113,"column":127},"end":{"line":141,"column":1}}},"13":{"name":"convertASN1toRaw","decl":{"start":{"line":143,"column":9},"end":{"line":143,"column":25}},"loc":{"start":{"line":143,"column":54},"end":{"line":152,"column":1}}}},"branchMap":{"0":{"loc":{"start":{"line":64,"column":4},"end":{"line":79,"column":5}},"type":"switch","locations":[{"start":{"line":65,"column":8},"end":{"line":69,"column":14}},{"start":{"line":70,"column":8},"end":{"line":75,"column":14}},{"start":{"line":77,"column":8},"end":{"line":78,"column":null}}]},"1":{"loc":{"start":{"line":116,"column":4},"end":{"line":118,"column":5}},"type":"if","locations":[{"start":{"line":116,"column":4},"end":{"line":118,"column":5}}]},"2":{"loc":{"start":{"line":125,"column":4},"end":{"line":130,"column":5}},"type":"if","locations":[{"start":{"line":125,"column":4},"end":{"line":130,"column":5}}]},"3":{"loc":{"start":{"line":134,"column":4},"end":{"line":135,"column":null}},"type":"if","locations":[{"start":{"line":134,"column":4},"end":{"line":135,"column":null}}]},"4":{"loc":{"start":{"line":146,"column":19},"end":{"line":146,"column":45}},"type":"cond-expr","locations":[{"start":{"line":146,"column":40},"end":{"line":146,"column":41}},{"start":{"line":146,"column":44},"end":{"line":146,"column":45}}]},"5":{"loc":{"start":{"line":148,"column":19},"end":{"line":148,"column":66}},"type":"cond-expr","locations":[{"start":{"line":148,"column":47},"end":{"line":148,"column":55}},{"start":{"line":148,"column":58},"end":{"line":148,"column":66}}]}},"s":{"0":43,"1":1615,"2":4,"3":37,"4":4,"5":16,"6":4,"7":34,"8":34,"9":4,"10":25,"11":25,"12":4,"13":8,"14":4,"15":4,"16":52,"17":4,"18":3,"19":3,"20":3,"21":3,"22":4,"23":6,"24":0,"25":5,"26":1,"27":4,"28":3,"29":3,"30":4,"31":2,"32":2,"33":0,"34":2,"35":2,"36":2,"37":0,"38":0,"39":0,"40":0,"41":2,"42":2,"43":2,"44":2,"45":2,"46":2,"47":4,"48":2,"49":2,"50":2,"51":2,"52":2,"53":2,"54":2},"f":{"0":43,"1":1615,"2":37,"3":16,"4":34,"5":25,"6":8,"7":4,"8":52,"9":3,"10":6,"11":4,"12":2,"13":2},"b":{"0":[0,5,1],"1":[0],"2":[0],"3":[2],"4":[0,2],"5":[0,2]}}
}
