TN:
SF:src/authenticatorMetadata.ts
FNF:0
FNH:0
DA:8,2
LF:1
LH:1
BRF:0
BRH:0
end_of_record
TN:
SF:src/client.ts
FN:7,isAvailable
FN:14,isLocalAuthenticator
FN:23,getAuthAttachment
FN:57,register
FN:141,isAutocompleteAvailable
FN:154,authenticate
FN:210,toPublicKeyCredentialDescriptor
FNF:7
FNH:7
FNDA:2,isAvailable
FNDA:2,isLocalAuthenticator
FNDA:6,getAuthAttachment
FNDA:9,register
FNDA:3,isAutocompleteAvailable
FNDA:6,authenticate
FNDA:1,toPublicKeyCredentialDescriptor
DA:2,3
DA:7,3
DA:8,2
DA:14,3
DA:15,2
DA:24,6
DA:25,6
DA:27,0
DA:28,0
DA:29,0
DA:31,0
DA:33,0
DA:41,3
DA:57,3
DA:59,9
DA:60,1
DA:62,8
DA:63,1
DA:65,7
DA:66,1
DA:68,6
DA:69,6
DA:70,3
DA:72,6
DA:98,6
DA:100,6
DA:101,1
DA:102,6
DA:104,6
DA:108,5
DA:110,5
DA:112,5
DA:114,5
DA:115,1
DA:117,4
DA:118,4
DA:119,1
DA:122,3
DA:138,3
DA:141,3
DA:142,3
DA:154,3
DA:155,6
DA:156,1
DA:158,5
DA:159,1
DA:161,4
DA:170,4
DA:172,4
DA:173,2
DA:175,4
DA:177,4
DA:183,3
DA:184,1
DA:186,2
DA:188,2
DA:190,2
DA:193,2
DA:207,2
DA:211,1
DA:212,0
DA:218,1
LF:62
LH:56
BRDA:24,0,0,6
BRDA:24,1,0,6
BRDA:24,1,1,0
BRDA:27,2,0,0
BRDA:28,3,0,0
BRDA:28,3,1,0
BRDA:28,4,0,0
BRDA:28,4,1,0
BRDA:59,5,0,1
BRDA:62,6,0,1
BRDA:65,7,0,1
BRDA:68,8,0,0
BRDA:68,8,1,6
BRDA:69,9,0,3
BRDA:75,10,0,6
BRDA:75,10,1,6
BRDA:76,11,0,6
BRDA:76,11,1,6
BRDA:81,12,0,6
BRDA:81,12,1,6
BRDA:92,13,0,6
BRDA:92,13,1,6
BRDA:100,14,0,1
BRDA:114,15,0,1
BRDA:118,16,0,1
BRDA:142,17,0,3
BRDA:142,17,1,3
BRDA:155,18,0,1
BRDA:158,19,0,1
BRDA:158,20,0,5
BRDA:158,20,1,1
BRDA:163,21,0,4
BRDA:163,21,1,4
BRDA:172,22,0,2
BRDA:179,23,0,0
BRDA:179,23,1,4
BRDA:183,24,0,1
BRDA:203,25,0,1
BRDA:203,25,1,1
BRDA:211,26,0,0
BRDA:211,26,1,1
BRF:41
BRH:32
end_of_record
TN:
SF:src/index.ts
FN:7,(anonymous_6)
FNF:1
FNH:0
FNDA:0,(anonymous_6)
DA:1,2
DA:2,2
DA:3,2
DA:4,2
DA:5,2
DA:7,2
DA:9,2
DA:10,2
LF:8
LH:8
BRF:0
BRH:0
end_of_record
TN:
SF:src/parsers.ts
FN:21,parseClient
FN:28,parseAuthenticator
FN:55,extractRpIdHash
FN:62,extractAaguid
FN:73,getAlgoName
FN:83,parseRegistration
FN:88,toRegistrationInfo
FN:110,toAuthenticationInfo
FN:121,parseAuthentication
FNF:9
FNH:9
FNDA:1,parseClient
FNDA:3,parseAuthenticator
FNDA:3,extractRpIdHash
FNDA:3,extractAaguid
FNDA:5,getAlgoName
FNDA:1,parseRegistration
FNDA:1,toRegistrationInfo
FNDA:1,toAuthenticationInfo
FNDA:1,parseAuthentication
DA:1,1
DA:3,1
DA:5,1
DA:21,1
DA:22,1
DA:23,1
DA:24,1
DA:28,1
DA:29,3
DA:30,3
DA:33,3
DA:37,3
DA:56,3
DA:63,3
DA:64,0
DA:65,3
DA:66,3
DA:67,3
DA:68,3
DA:73,1
DA:74,5
DA:75,2
DA:76,1
DA:77,1
DA:78,1
DA:83,1
DA:84,1
DA:85,1
DA:88,1
DA:89,1
DA:90,1
DA:110,1
DA:111,1
DA:121,1
DA:122,1
DA:123,1
LF:36
LH:35
BRDA:22,0,0,1
BRDA:29,1,0,3
BRDA:63,2,0,0
BRDA:74,3,0,2
BRDA:74,3,1,1
BRDA:74,3,2,1
BRDA:74,3,3,1
BRDA:96,4,0,1
BRDA:96,4,1,1
BRF:9
BRH:8
end_of_record
TN:
SF:src/server.ts
FN:8,randomChallenge
FN:15,isValid
FN:27,isNotValid
FN:38,verifyRegistration
FN:71,verifyAuthentication
FNF:5
FNH:5
FNDA:1,randomChallenge
FNDA:20,isValid
FNDA:20,isNotValid
FNDA:5,verifyRegistration
FNDA:11,verifyAuthentication
DA:1,2
DA:2,2
DA:4,2
DA:5,2
DA:8,2
DA:9,1
DA:10,1
DA:16,20
DA:17,0
DA:18,0
DA:19,0
DA:21,0
DA:24,20
DA:28,20
DA:38,2
DA:39,5
DA:40,5
DA:41,5
DA:43,5
DA:44,1
DA:46,4
DA:47,1
DA:49,3
DA:50,1
DA:52,2
DA:53,1
DA:55,1
DA:71,2
DA:72,11
DA:73,1
DA:75,10
DA:84,10
DA:85,1
DA:87,9
DA:88,9
DA:90,9
DA:91,1
DA:92,1
DA:95,9
DA:96,1
DA:98,8
DA:99,1
DA:101,7
DA:102,1
DA:105,6
DA:106,6
DA:107,6
DA:108,1
DA:110,5
DA:111,1
DA:113,4
DA:114,1
DA:116,3
DA:117,2
DA:119,1
LF:55
LH:51
BRDA:16,0,0,0
BRDA:18,1,0,0
BRDA:18,1,1,0
BRDA:43,2,0,1
BRDA:46,3,0,1
BRDA:49,4,0,1
BRDA:52,5,0,1
BRDA:72,6,0,1
BRDA:84,7,0,1
BRDA:90,8,0,1
BRDA:95,9,0,1
BRDA:98,10,0,1
BRDA:101,11,0,1
BRDA:105,12,0,6
BRDA:105,12,1,5
BRDA:107,13,0,1
BRDA:110,14,0,1
BRDA:113,15,0,1
BRDA:113,16,0,4
BRDA:113,16,1,1
BRDA:116,17,0,2
BRDA:116,18,0,3
BRDA:116,18,1,2
BRF:23
BRH:20
end_of_record
TN:
SF:src/utils.ts
FN:8,toBuffer
FN:9,(anonymous_1)
FN:12,parseBuffer
FN:17,isBase64url
FN:21,toBase64url
FN:26,parseBase64url
FN:32,sha256
FN:36,bufferToHex
FN:38,(anonymous_8)
FN:43,concatenateBuffers
FN:63,getAlgoParams
FN:84,parseCryptoKey
FN:113,verifySignature
FN:143,convertASN1toRaw
FNF:14
FNH:14
FNDA:43,toBuffer
FNDA:1615,(anonymous_1)
FNDA:37,parseBuffer
FNDA:16,isBase64url
FNDA:34,toBase64url
FNDA:25,parseBase64url
FNDA:8,sha256
FNDA:4,bufferToHex
FNDA:52,(anonymous_8)
FNDA:3,concatenateBuffers
FNDA:6,getAlgoParams
FNDA:4,parseCryptoKey
FNDA:2,verifySignature
FNDA:2,convertASN1toRaw
DA:8,4
DA:9,1615
DA:12,4
DA:13,37
DA:17,4
DA:18,16
DA:21,4
DA:22,34
DA:23,34
DA:26,4
DA:27,25
DA:28,25
DA:32,4
DA:33,8
DA:36,4
DA:37,4
DA:38,52
DA:43,4
DA:44,3
DA:45,3
DA:46,3
DA:47,3
DA:64,6
DA:66,0
DA:71,5
DA:78,1
DA:84,4
DA:85,4
DA:86,3
DA:87,3
DA:113,4
DA:114,2
DA:116,2
DA:117,0
DA:120,2
DA:123,2
DA:125,2
DA:126,0
DA:127,0
DA:128,0
DA:129,0
DA:133,2
DA:134,2
DA:135,2
DA:137,2
DA:138,2
DA:140,2
DA:145,2
DA:146,2
DA:147,2
DA:148,2
DA:149,2
DA:150,2
DA:151,2
LF:54
LH:48
BRDA:64,0,0,0
BRDA:64,0,1,5
BRDA:64,0,2,1
BRDA:116,1,0,0
BRDA:125,2,0,0
BRDA:134,3,0,2
BRDA:146,4,0,0
BRDA:146,4,1,2
BRDA:148,5,0,0
BRDA:148,5,1,2
BRF:10
BRH:5
end_of_record
